Solid Edge Translation to STL
Date: Thursday,January 20,2022 01:05PM
Source File:C:\Users\Daniel Guerrero\Documents\Robotic arm\CAD\Base rodamiento.par
Source System: SOLID EDGE

Hardware:
Processor: Intel(R) Core(TM) i5-7200U CPU @ 2.50GHz
Operating System: Windows 10 Professional
Installed Memory: 11.59 GB

Software Information:
Parasolid Version: 34.0.153
PSBodyshop Version: 34.0.110
Solid Edge Version: 222.00.00.132 x64

STL Export Options:
Output File Format:BINARY
Export Displayed Parts:Off
structureOption: Monolithic
Export Units:Millimeter
Export Tolerance Value:0.001000
Export Tolerance Type:Fine
Export Surface Plane Angle Value:0.523599

Translation progress:
Phase 1 of 2 Fetching Parasolid information...
Phase 2 of 2 Translating Parasolid to foreign data types...
Number of STL file Created : 1
Translation process completed
Time required to translate:00 : 00 : 00
